2025-05-13 13:47:12,915 - INFO - Connected to Cassandra
2025-05-13 13:47:12,916 - INFO - Fetched 2 view records for user 588f2dc3-c048-4c61-a241-3bcd654a4404
2025-05-13 13:47:12,918 - INFO - Fetched 1 favorite records for user 588f2dc3-c048-4c61-a241-3bcd654a4404
2025-05-13 13:47:12,919 - INFO - Fetched 1 preference records for user 588f2dc3-c048-4c61-a241-3bcd654a4404
2025-05-13 13:47:12,935 - WARNING - Server warning: Read 633 live rows and 1472 tombstone cells for query SELECT brand, door_count, fuel_type, mileage, price, transmission, year FROM cars_keyspace.cleaned_cars LIMIT 5000 ALLOW FILTERING; token 9207834739780070790 (see tombstone_warn_threshold)
2025-05-13 13:47:12,938 - INFO - Fetched 633 car records
2025-05-13 13:47:12,943 - INFO - Fetched 157 view records for all users
2025-05-13 13:47:12,947 - INFO - Fetched 109 favorite records for all users
2025-05-13 13:47:12,958 - INFO - Deleted existing recommendations for user 588f2dc3-c048-4c61-a241-3bcd654a4404
2025-05-13 13:47:12,961 - INFO - Excluding 3 viewed/favorited cars for user 588f2dc3-c048-4c61-a241-3bcd654a4404
2025-05-13 13:47:13,038 - ERROR - Error in content-based filtering for user 588f2dc3-c048-4c61-a241-3bcd654a4404: Input contains NaN.
2025-05-13 13:47:13,041 - ERROR - Error in user-based collaborative filtering for user 588f2dc3-c048-4c61-a241-3bcd654a4404: Cannot subtract tz-naive and tz-aware datetime-like objects.
2025-05-13 13:47:13,042 - ERROR - Error in item-based collaborative filtering for user 588f2dc3-c048-4c61-a241-3bcd654a4404: Cannot subtract tz-naive and tz-aware datetime-like objects.
2025-05-13 13:47:13,044 - ERROR - Error in hybrid recommendations for user 588f2dc3-c048-4c61-a241-3bcd654a4404: Cannot subtract tz-naive and tz-aware datetime-like objects.
2025-05-13 13:47:13,046 - ERROR - Error preparing query:
Traceback (most recent call last):
  File "cassandra/cluster.py", line 3128, in cassandra.cluster.Session.prepare
  File "cassandra/cluster.py", line 4956, in cassandra.cluster.ResponseFuture.result
cassandra.protocol.SyntaxException: <Error from server: code=2000 [Syntax error in CQL query] message="line 3:20 no viable alternative at input '%' (... similarity_score, method)            VALUES ([%]...)">
2025-05-13 13:47:13,047 - ERROR - Error in recommendation process for user 588f2dc3-c048-4c61-a241-3bcd654a4404: <Error from server: code=2000 [Syntax error in CQL query] message="line 3:20 no viable alternative at input '%' (... similarity_score, method)            VALUES ([%]...)">
2025-05-13 13:50:52,426 - INFO - Connected to Cassandra
2025-05-13 13:50:52,430 - INFO - Fetched 2 view records for user 588f2dc3-c048-4c61-a241-3bcd654a4404
2025-05-13 13:50:52,432 - INFO - Fetched 1 favorite records for user 588f2dc3-c048-4c61-a241-3bcd654a4404
2025-05-13 13:50:52,434 - INFO - Fetched 1 preference records for user 588f2dc3-c048-4c61-a241-3bcd654a4404
2025-05-13 13:50:52,455 - WARNING - Server warning: Read 633 live rows and 1472 tombstone cells for query SELECT brand, door_count, fuel_type, mileage, price, transmission, year FROM cars_keyspace.cleaned_cars LIMIT 5000 ALLOW FILTERING; token 9207834739780070790 (see tombstone_warn_threshold)
2025-05-13 13:50:52,461 - INFO - Fetched 633 car records
2025-05-13 13:50:52,468 - INFO - Fetched 157 view records for all users
2025-05-13 13:50:52,474 - INFO - Fetched 109 favorite records for all users
2025-05-13 13:50:52,482 - INFO - Deleted existing recommendations for user 588f2dc3-c048-4c61-a241-3bcd654a4404
2025-05-13 13:50:52,482 - INFO - Excluding 3 viewed/favorited cars for user 588f2dc3-c048-4c61-a241-3bcd654a4404
2025-05-13 13:50:52,697 - INFO - User-item matrix shape: (53, 191), sparsity: 0.9737
2025-05-13 13:50:52,699 - INFO - Excluding 6 cars for user 588f2dc3-c048-4c61-a241-3bcd654a4404
2025-05-13 13:50:52,700 - WARNING - No similar user recommendations for user 588f2dc3-c048-4c61-a241-3bcd654a4404, using fallback
2025-05-13 13:50:52,777 - INFO - User-item matrix shape: (53, 191), sparsity: 0.9737
2025-05-13 13:50:52,779 - INFO - Excluding 9 cars for user 588f2dc3-c048-4c61-a241-3bcd654a4404
2025-05-13 13:50:52,779 - WARNING - No similar item recommendations for user 588f2dc3-c048-4c61-a241-3bcd654a4404, using fallback
2025-05-13 13:50:52,890 - INFO - User-item matrix shape: (53, 191), sparsity: 0.9737
2025-05-13 13:50:53,031 - ERROR - Error preparing query:
Traceback (most recent call last):
  File "cassandra/cluster.py", line 3128, in cassandra.cluster.Session.prepare
  File "cassandra/cluster.py", line 4956, in cassandra.cluster.ResponseFuture.result
cassandra.protocol.SyntaxException: <Error from server: code=2000 [Syntax error in CQL query] message="line 3:20 no viable alternative at input '%' (... recommendation_reason, similarity_score)            VALUES ([%]...)">
2025-05-13 13:50:53,031 - ERROR - Error in recommendation process for user 588f2dc3-c048-4c61-a241-3bcd654a4404: <Error from server: code=2000 [Syntax error in CQL query] message="line 3:20 no viable alternative at input '%' (... recommendation_reason, similarity_score)            VALUES ([%]...)">
2025-05-13 13:55:36,978 - INFO - Connected to Cassandra
2025-05-13 13:55:36,980 - INFO - Fetched 2 view records for user 588f2dc3-c048-4c61-a241-3bcd654a4404
2025-05-13 13:55:36,981 - INFO - Fetched 1 favorite records for user 588f2dc3-c048-4c61-a241-3bcd654a4404
2025-05-13 13:55:36,983 - INFO - Fetched 1 preference records for user 588f2dc3-c048-4c61-a241-3bcd654a4404
2025-05-13 13:55:36,998 - WARNING - Server warning: Read 633 live rows and 1472 tombstone cells for query SELECT brand, door_count, fuel_type, mileage, price, transmission, year FROM cars_keyspace.cleaned_cars LIMIT 5000 ALLOW FILTERING; token 9207834739780070790 (see tombstone_warn_threshold)
2025-05-13 13:55:37,001 - INFO - Fetched 633 car records
2025-05-13 13:55:37,008 - INFO - Fetched 157 view records for all users
2025-05-13 13:55:37,011 - INFO - Fetched 109 favorite records for all users
2025-05-13 13:55:37,016 - INFO - Deleted existing recommendations for user 588f2dc3-c048-4c61-a241-3bcd654a4404
2025-05-13 13:55:37,016 - INFO - Excluding 3 viewed/favorited cars for user 588f2dc3-c048-4c61-a241-3bcd654a4404
2025-05-13 13:55:37,164 - INFO - User-item matrix shape: (53, 191), sparsity: 0.9737
2025-05-13 13:55:37,166 - INFO - Excluding 6 cars for user 588f2dc3-c048-4c61-a241-3bcd654a4404
2025-05-13 13:55:37,166 - WARNING - No similar user recommendations for user 588f2dc3-c048-4c61-a241-3bcd654a4404, using fallback
2025-05-13 13:55:37,243 - INFO - User-item matrix shape: (53, 191), sparsity: 0.9737
2025-05-13 13:55:37,245 - INFO - Excluding 9 cars for user 588f2dc3-c048-4c61-a241-3bcd654a4404
2025-05-13 13:55:37,246 - WARNING - No similar item recommendations for user 588f2dc3-c048-4c61-a241-3bcd654a4404, using fallback
2025-05-13 13:55:37,319 - INFO - User-item matrix shape: (53, 191), sparsity: 0.9737
2025-05-13 13:55:37,391 - ERROR - Error preparing query:
Traceback (most recent call last):
  File "cassandra/cluster.py", line 3128, in cassandra.cluster.Session.prepare
  File "cassandra/cluster.py", line 4956, in cassandra.cluster.ResponseFuture.result
cassandra.protocol.SyntaxException: <Error from server: code=2000 [Syntax error in CQL query] message="line 3:20 no viable alternative at input '%' (... similarity_score, method)            VALUES ([%]...)">
2025-05-13 13:55:37,392 - ERROR - Error in recommendation process for CPID 588f2dc3-c048-4c61-a241-3bcd654a4404: <Error from server: code=2000 [Syntax error in CQL query] message="line 3:20 no viable alternative at input '%' (... similarity_score, method)            VALUES ([%]...)">
