2025-05-02 15:43:38,312 - INFO - Connected to Cassandra cluster at localhost:9042, keyspace: cars_keyspace
2025-05-02 15:43:38,316 - INFO - Generating recommendations for user bf1d66df-3443-406c-829d-a085765136ba
2025-05-02 15:43:38,316 - INFO - Fetching user data for bf1d66df-3443-406c-829d-a085765136ba
2025-05-02 15:43:38,343 - INFO - Fetching and preprocessing car data from database
2025-05-02 15:43:38,348 - INFO - Fetched 63 cars in 0.00 seconds
2025-05-02 15:43:38,378 - INFO - Building collaborative filtering model
2025-05-02 15:43:38,520 - INFO - Collaborative filtering model built and cached
2025-05-02 15:43:38,521 - INFO - Building clustering model
2025-05-02 15:43:38,564 - INFO - Clustering model built and cached
2025-05-02 15:43:38,564 - INFO - Calculating content-based scores
2025-05-02 15:43:38,565 - INFO - Calculating car popularity scores
2025-05-02 15:43:38,567 - INFO - Calculated popularity scores for 29 cars
2025-05-02 15:43:38,567 - INFO - Calculating recency scores
2025-05-02 15:43:38,568 - INFO - Building and applying ranking model
2025-05-02 15:43:38,638 - INFO - Inserted 5 recommendations for user bf1d66df-3443-406c-829d-a085765136ba
2025-05-02 15:43:38,638 - INFO - Generated 5 recommendations in 0.32 seconds
2025-05-02 15:43:38,639 - INFO - Generated 5 recommendations for user bf1d66df-3443-406c-829d-a085765136ba
2025-05-02 15:43:38,639 - INFO - Generating recommendations for user 18a182ef-1161-48ed-b14e-80a490802eca
2025-05-02 15:43:38,639 - INFO - Fetching user data for 18a182ef-1161-48ed-b14e-80a490802eca
2025-05-02 15:43:38,655 - INFO - Fetching and preprocessing car data from database
2025-05-02 15:43:38,658 - INFO - Fetched 63 cars in 0.00 seconds
2025-05-02 15:43:38,674 - INFO - Building collaborative filtering model
2025-05-02 15:43:38,675 - INFO - Using cached collaborative filtering model
2025-05-02 15:43:38,675 - INFO - Building clustering model
2025-05-02 15:43:38,675 - INFO - Using cached clustering model
2025-05-02 15:43:38,675 - INFO - Calculating content-based scores
2025-05-02 15:43:38,677 - INFO - Calculating car popularity scores
2025-05-02 15:43:38,681 - INFO - Calculated popularity scores for 29 cars
2025-05-02 15:43:38,681 - INFO - Calculating recency scores
2025-05-02 15:43:38,682 - INFO - Building and applying ranking model
2025-05-02 15:43:38,683 - ERROR - Error processing user 18a182ef-1161-48ed-b14e-80a490802eca: index 6 is out of bounds for axis 0 with size 6
2025-05-02 15:43:38,683 - INFO - Generating recommendations for user 138e7582-7beb-49c4-8641-2ede2c0531fc
2025-05-02 15:43:38,683 - INFO - Fetching user data for 138e7582-7beb-49c4-8641-2ede2c0531fc
2025-05-02 15:43:38,695 - INFO - Fetching and preprocessing car data from database
2025-05-02 15:43:38,704 - INFO - Fetched 63 cars in 0.01 seconds
2025-05-02 15:43:38,724 - INFO - Building collaborative filtering model
2025-05-02 15:43:38,724 - INFO - Using cached collaborative filtering model
2025-05-02 15:43:38,725 - INFO - Building clustering model
2025-05-02 15:43:38,725 - INFO - Using cached clustering model
2025-05-02 15:43:38,725 - INFO - Calculating content-based scores
2025-05-02 15:43:38,726 - INFO - Calculating car popularity scores
2025-05-02 15:43:38,730 - INFO - Calculated popularity scores for 29 cars
2025-05-02 15:43:38,731 - INFO - Calculating recency scores
2025-05-02 15:43:38,731 - INFO - Building and applying ranking model
2025-05-02 15:43:38,732 - ERROR - Error processing user 138e7582-7beb-49c4-8641-2ede2c0531fc: Found array with 1 sample(s) (shape=(1, 9)) while a minimum of 2 is required by LGBMRanker.
2025-05-02 15:43:38,733 - INFO - Generating recommendations for user 8b24e221-e35a-4b24-946d-c5f5c41e06b8
2025-05-02 15:43:38,733 - INFO - Fetching user data for 8b24e221-e35a-4b24-946d-c5f5c41e06b8
2025-05-02 15:43:38,747 - INFO - Fetching and preprocessing car data from database
2025-05-02 15:43:38,754 - INFO - Fetched 63 cars in 0.01 seconds
2025-05-02 15:43:38,774 - INFO - Building collaborative filtering model
2025-05-02 15:43:38,774 - INFO - Using cached collaborative filtering model
2025-05-02 15:43:38,775 - INFO - Building clustering model
2025-05-02 15:43:38,775 - INFO - Using cached clustering model
2025-05-02 15:43:38,775 - INFO - Calculating content-based scores
2025-05-02 15:43:38,776 - INFO - Calculating car popularity scores
2025-05-02 15:43:38,783 - INFO - Calculated popularity scores for 29 cars
2025-05-02 15:43:38,783 - INFO - Calculating recency scores
2025-05-02 15:43:38,784 - INFO - Building and applying ranking model
2025-05-02 15:43:38,785 - ERROR - Error processing user 8b24e221-e35a-4b24-946d-c5f5c41e06b8: index 6 is out of bounds for axis 0 with size 6
2025-05-02 15:43:38,785 - INFO - Generating recommendations for user cb2f3df7-8760-4292-8355-a44cd571881a
2025-05-02 15:43:38,785 - INFO - Fetching user data for cb2f3df7-8760-4292-8355-a44cd571881a
2025-05-02 15:43:38,800 - INFO - Fetching and preprocessing car data from database
2025-05-02 15:43:38,805 - INFO - Fetched 63 cars in 0.00 seconds
2025-05-02 15:43:38,824 - INFO - Building collaborative filtering model
2025-05-02 15:43:38,824 - INFO - Using cached collaborative filtering model
2025-05-02 15:43:38,824 - INFO - Building clustering model
2025-05-02 15:43:38,824 - INFO - Using cached clustering model
2025-05-02 15:43:38,824 - INFO - Calculating content-based scores
2025-05-02 15:43:38,827 - INFO - Calculating car popularity scores
2025-05-02 15:43:38,832 - INFO - Calculated popularity scores for 29 cars
2025-05-02 15:43:38,832 - INFO - Calculating recency scores
2025-05-02 15:43:38,833 - INFO - Building and applying ranking model
2025-05-02 15:43:38,834 - ERROR - Error processing user cb2f3df7-8760-4292-8355-a44cd571881a: index 6 is out of bounds for axis 0 with size 6
2025-05-02 15:43:38,835 - INFO - Generating recommendations for user 0cff84a6-4cd7-44eb-8658-fa8238f84045
2025-05-02 15:43:38,835 - INFO - Fetching user data for 0cff84a6-4cd7-44eb-8658-fa8238f84045
2025-05-02 15:43:38,856 - INFO - Fetching and preprocessing car data from database
2025-05-02 15:43:38,862 - INFO - Fetched 63 cars in 0.01 seconds
2025-05-02 15:43:38,882 - INFO - Building collaborative filtering model
2025-05-02 15:43:38,882 - INFO - Using cached collaborative filtering model
2025-05-02 15:43:38,883 - INFO - Building clustering model
2025-05-02 15:43:38,883 - INFO - Using cached clustering model
2025-05-02 15:43:38,883 - INFO - Calculating content-based scores
2025-05-02 15:43:38,884 - INFO - Calculating car popularity scores
2025-05-02 15:43:38,888 - INFO - Calculated popularity scores for 29 cars
2025-05-02 15:43:38,888 - INFO - Calculating recency scores
2025-05-02 15:43:38,888 - INFO - Building and applying ranking model
2025-05-02 15:43:38,889 - ERROR - Error processing user 0cff84a6-4cd7-44eb-8658-fa8238f84045: index 6 is out of bounds for axis 0 with size 6
2025-05-02 15:43:38,890 - INFO - Generating recommendations for user 22feddfd-4bbb-4c4a-8590-97a69f1bd4d3
2025-05-02 15:43:38,890 - INFO - Fetching user data for 22feddfd-4bbb-4c4a-8590-97a69f1bd4d3
2025-05-02 15:43:38,908 - INFO - Fetching and preprocessing car data from database
2025-05-02 15:43:38,915 - INFO - Fetched 63 cars in 0.01 seconds
2025-05-02 15:43:38,933 - INFO - Building collaborative filtering model
2025-05-02 15:43:38,933 - INFO - Using cached collaborative filtering model
2025-05-02 15:43:38,933 - INFO - Building clustering model
2025-05-02 15:43:38,933 - INFO - Using cached clustering model
2025-05-02 15:43:38,933 - INFO - Calculating content-based scores
2025-05-02 15:43:38,935 - INFO - Calculating car popularity scores
2025-05-02 15:43:38,938 - INFO - Calculated popularity scores for 29 cars
2025-05-02 15:43:38,939 - INFO - Calculating recency scores
2025-05-02 15:43:38,939 - INFO - Building and applying ranking model
2025-05-02 15:43:38,940 - ERROR - Error processing user 22feddfd-4bbb-4c4a-8590-97a69f1bd4d3: index 6 is out of bounds for axis 0 with size 6
2025-05-02 15:43:38,940 - INFO - Generating recommendations for user b05f5d7b-2131-4575-8f1f-94c4f43bd74a
2025-05-02 15:43:38,940 - INFO - Fetching user data for b05f5d7b-2131-4575-8f1f-94c4f43bd74a
2025-05-02 15:43:38,951 - INFO - Fetching and preprocessing car data from database
2025-05-02 15:43:38,957 - INFO - Fetched 63 cars in 0.01 seconds
2025-05-02 15:43:38,974 - INFO - Building collaborative filtering model
2025-05-02 15:43:38,974 - INFO - Using cached collaborative filtering model
2025-05-02 15:43:38,974 - INFO - Building clustering model
2025-05-02 15:43:38,974 - INFO - Using cached clustering model
2025-05-02 15:43:38,974 - INFO - Calculating content-based scores
2025-05-02 15:43:38,975 - INFO - Calculating car popularity scores
2025-05-02 15:43:38,985 - INFO - Calculated popularity scores for 29 cars
2025-05-02 15:43:38,985 - INFO - Calculating recency scores
2025-05-02 15:43:38,986 - INFO - Building and applying ranking model
2025-05-02 15:43:39,016 - INFO - Inserted 5 recommendations for user b05f5d7b-2131-4575-8f1f-94c4f43bd74a
2025-05-02 15:43:39,016 - INFO - Generated 5 recommendations in 0.08 seconds
2025-05-02 15:43:39,016 - INFO - Generated 5 recommendations for user b05f5d7b-2131-4575-8f1f-94c4f43bd74a
2025-05-02 15:43:39,017 - INFO - Generating recommendations for user 7701976d-bcff-470b-aa25-8e2122a50743
2025-05-02 15:43:39,017 - INFO - Fetching user data for 7701976d-bcff-470b-aa25-8e2122a50743
2025-05-02 15:43:39,035 - INFO - Fetching and preprocessing car data from database
2025-05-02 15:43:39,039 - INFO - Fetched 63 cars in 0.00 seconds
2025-05-02 15:43:39,054 - INFO - Building collaborative filtering model
2025-05-02 15:43:39,054 - INFO - Using cached collaborative filtering model
2025-05-02 15:43:39,054 - INFO - Building clustering model
2025-05-02 15:43:39,055 - INFO - Using cached clustering model
2025-05-02 15:43:39,055 - INFO - Calculating content-based scores
2025-05-02 15:43:39,057 - INFO - Calculating car popularity scores
2025-05-02 15:43:39,062 - INFO - Calculated popularity scores for 29 cars
2025-05-02 15:43:39,062 - INFO - Calculating recency scores
2025-05-02 15:43:39,062 - INFO - Building and applying ranking model
2025-05-02 15:43:39,063 - ERROR - Error processing user 7701976d-bcff-470b-aa25-8e2122a50743: index 6 is out of bounds for axis 0 with size 6
2025-05-02 15:43:39,063 - INFO - Generating recommendations for user b5a023d3-2207-415a-b892-f6f1ed6d1d4e
2025-05-02 15:43:39,063 - INFO - Fetching user data for b5a023d3-2207-415a-b892-f6f1ed6d1d4e
2025-05-02 15:43:39,079 - INFO - Fetching and preprocessing car data from database
2025-05-02 15:43:39,086 - INFO - Fetched 63 cars in 0.01 seconds
2025-05-02 15:43:39,103 - INFO - Building collaborative filtering model
2025-05-02 15:43:39,103 - INFO - Using cached collaborative filtering model
2025-05-02 15:43:39,103 - INFO - Building clustering model
2025-05-02 15:43:39,103 - INFO - Using cached clustering model
2025-05-02 15:43:39,103 - INFO - Calculating content-based scores
2025-05-02 15:43:39,105 - INFO - Calculating car popularity scores
2025-05-02 15:43:39,111 - INFO - Calculated popularity scores for 29 cars
2025-05-02 15:43:39,112 - INFO - Calculating recency scores
2025-05-02 15:43:39,112 - INFO - Building and applying ranking model
2025-05-02 15:43:39,113 - ERROR - Error processing user b5a023d3-2207-415a-b892-f6f1ed6d1d4e: index 6 is out of bounds for axis 0 with size 6
2025-05-02 15:43:39,114 - INFO - Cassandra connection closed
